
00000000  Starting Alloy Analyzer command line interface

    * CLI version             : 1.6.2rc3
    * Alloy version           : 4.1.10
    * Input spec file         : /home/marcelo/software/pewa-tool/bin/resultado.als
    * Guigna bounds hack      : enabled

00000032  Parsing and typechecking

    * Command type            : check
    * Command label           : programa_wap

00002972  Translating Alloy to Kodkod

    * Solver                  : cnf
    * Bit width               : 4
    * Max sequence            : 0
    * Skolem depth            : 0
    * Symmbreaking            : 20

00020801  Translating Kodkod to CNF + BED + rels

    * BED output file         : /home/marcelo/software/pewa-tool/bin/resultado.als.bed
    * Rels output file        : /home/marcelo/software/pewa-tool/bin/resultado.als.rels

00073227  Solving

    * Primary vars            : 1706
    * Total vars              : 267851
    * Clauses                 : 505877
    * CNF output file         : /tmp/tmp3972337887973253587.cnf

00073229  Translation finished

